[   963.983] 
X.Org X Server 1.21.1.15
X Protocol Version 11, Revision 0
[   963.984] Current Operating System: Linux diamond 6.12.7-zen1-1-zen #1 ZEN SMP PREEMPT_DYNAMIC Fri, 27 Dec 2024 14:24:32 +0000 x86_64
[   963.984] Kernel command line: BOOT_IMAGE=/boot/vmlinuz-linux-zen root=UUID=74a6ad17-3199-4f93-b6d5-1a752b1bf67a rw loglevel=3
[   963.984]  
[   963.984] Current version of pixman: 0.44.2
[   963.984] 	Before reporting problems, check http://wiki.x.org
	to make sure that you have the latest version.
[   963.984] Markers: (--) probed, (**) from config file, (==) default setting,
	(++) from command line, (!!) notice, (II) informational,
	(WW) warning, (EE) error, (NI) not implemented, (??) unknown.
[   963.984] (==) Log file: "/home/darth06/.local/share/xorg/Xorg.0.log", Time: Tue Dec 31 18:04:17 2024
[   963.984] (==) Using config directory: "/etc/X11/xorg.conf.d"
[   963.984] (==) Using system config directory "/usr/share/X11/xorg.conf.d"
[   963.984] (==) No Layout section.  Using the first Screen section.
[   963.984] (==) No screen section available. Using defaults.
[   963.984] (**) |-->Screen "Default Screen Section" (0)
[   963.984] (**) |   |-->Monitor "<default monitor>"
[   963.985] (==) No monitor specified for screen "Default Screen Section".
	Using a default monitor configuration.
[   963.985] (**) Allowing byte-swapped clients
[   963.985] (==) Automatically adding devices
[   963.985] (==) Automatically enabling devices
[   963.985] (==) Automatically adding GPU devices
[   963.985] (==) Automatically binding GPU devices
[   963.985] (==) Max clients allowed: 256, resource mask: 0x1fffff
[   963.985] (WW) The directory "/usr/share/fonts/misc" does not exist.
[   963.985] 	Entry deleted from font path.
[   963.985] (WW) The directory "/usr/share/fonts/Type1" does not exist.
[   963.985] 	Entry deleted from font path.
[   963.985] (==) FontPath set to:
	/usr/share/fonts/TTF,
	/usr/share/fonts/OTF,
	/usr/share/fonts/100dpi,
	/usr/share/fonts/75dpi
[   963.985] (==) ModulePath set to "/usr/lib/xorg/modules"
[   963.985] (II) The server relies on udev to provide the list of input devices.
	If no devices become available, reconfigure udev or disable AutoAddDevices.
[   963.985] (II) Module ABI versions:
[   963.985] 	X.Org ANSI C Emulation: 0.4
[   963.985] 	X.Org Video Driver: 25.2
[   963.985] 	X.Org XInput driver : 24.4
[   963.985] 	X.Org Server Extension : 10.0
[   963.985] (++) using VT number 1

[   963.986] (II) systemd-logind: took control of session /org/freedesktop/login1/session/_31
[   963.987] (II) xfree86: Adding drm device (/dev/dri/card1)
[   963.987] (II) Platform probe for /sys/devices/pci0000:00/0000:00:02.0/drm/card1
[   963.987] (II) systemd-logind: got fd for /dev/dri/card1 226:1 fd 13 paused 0
[   963.990] (--) PCI:*(0@0:2:0) 8086:46a3:1025:1616 rev 12, Mem @ 0x601c000000/16777216, 0x4000000000/268435456, I/O @ 0x00004000/64, BIOS @ 0x????????/131072
[   963.990] (WW) Open ACPI failed (/var/run/acpid.socket) (No such file or directory)
[   963.990] (II) LoadModule: "glx"
[   963.990] (II) Loading /usr/lib/xorg/modules/extensions/libglx.so
[   963.991] (II) Module glx: vendor="X.Org Foundation"
[   963.991] 	compiled for 1.21.1.15, module version = 1.0.0
[   963.991] 	ABI class: X.Org Server Extension, version 10.0
[   963.991] (==) Matched intel as autoconfigured driver 0
[   963.991] (==) Matched modesetting as autoconfigured driver 1
[   963.991] (==) Matched fbdev as autoconfigured driver 2
[   963.991] (==) Matched vesa as autoconfigured driver 3
[   963.991] (==) Assigned the driver to the xf86ConfigLayout
[   963.991] (II) LoadModule: "intel"
[   963.991] (WW) Warning, couldn't open module intel
[   963.991] (EE) Failed to load module "intel" (module does not exist, 0)
[   963.991] (II) LoadModule: "modesetting"
[   963.991] (II) Loading /usr/lib/xorg/modules/drivers/modesetting_drv.so
[   963.991] (II) Module modesetting: vendor="X.Org Foundation"
[   963.991] 	compiled for 1.21.1.15, module version = 1.21.1
[   963.991] 	Module class: X.Org Video Driver
[   963.991] 	ABI class: X.Org Video Driver, version 25.2
[   963.991] (II) LoadModule: "fbdev"
[   963.991] (WW) Warning, couldn't open module fbdev
[   963.991] (EE) Failed to load module "fbdev" (module does not exist, 0)
[   963.991] (II) LoadModule: "vesa"
[   963.992] (II) Loading /usr/lib/xorg/modules/drivers/vesa_drv.so
[   963.992] (II) Module vesa: vendor="X.Org Foundation"
[   963.992] 	compiled for 1.21.1.11, module version = 2.6.0
[   963.992] 	Module class: X.Org Video Driver
[   963.992] 	ABI class: X.Org Video Driver, version 25.2
[   963.992] (II) modesetting: Driver for Modesetting Kernel Drivers: kms
[   963.992] (II) VESA: driver for VESA chipsets: vesa
[   963.992] xf86EnableIO: failed to enable I/O ports 0000-03ff (Operation not permitted)
[   963.992] (II) modeset(0): using drv /dev/dri/card1
[   963.992] (WW) VGA arbiter: cannot open kernel arbiter, no multi-card support
[   963.992] (II) modeset(0): Creating default Display subsection in Screen section
	"Default Screen Section" for depth/fbbpp 24/32
[   963.992] (==) modeset(0): Depth 24, (==) framebuffer bpp 32
[   963.992] (==) modeset(0): RGB weight 888
[   963.992] (==) modeset(0): Default visual is TrueColor
[   963.992] (II) Loading sub module "glamoregl"
[   963.992] (II) LoadModule: "glamoregl"
[   963.992] (II) Loading /usr/lib/xorg/modules/libglamoregl.so
[   963.993] (II) Module glamoregl: vendor="X.Org Foundation"
[   963.993] 	compiled for 1.21.1.15, module version = 1.0.1
[   963.993] 	ABI class: X.Org ANSI C Emulation, version 0.4
[   964.009] (II) modeset(0): glamor X acceleration enabled on Mesa Intel(R) Graphics (ADL GT2)
[   964.009] (II) modeset(0): glamor initialized
[   964.009] (==) modeset(0): VariableRefresh: disabled
[   964.009] (==) modeset(0): AsyncFlipSecondaries: disabled
[   964.011] (II) modeset(0): Output eDP-1 has no monitor section
[   964.016] (II) modeset(0): Output HDMI-1 has no monitor section
[   964.016] (II) modeset(0): Output DP-1 has no monitor section
[   964.016] (II) modeset(0): Output DP-2 has no monitor section
[   964.017] (II) modeset(0): EDID for output eDP-1
[   964.017] (II) modeset(0): Manufacturer: BOE  Model: 7cb  Serial#: 0
[   964.017] (II) modeset(0): Year: 2018  Week: 1
[   964.017] (II) modeset(0): EDID Version: 1.4
[   964.017] (II) modeset(0): Digital Display Input
[   964.017] (II) modeset(0): 6 bits per channel
[   964.017] (II) modeset(0): Digital interface is DisplayPort
[   964.017] (II) modeset(0): Max Image Size [cm]: horiz.: 34  vert.: 19
[   964.017] (II) modeset(0): Gamma: 2.20
[   964.017] (II) modeset(0): No DPMS capabilities specified
[   964.017] (II) modeset(0): Supported color encodings: RGB 4:4:4 
[   964.017] (II) modeset(0): First detailed timing is preferred mode
[   964.017] (II) modeset(0): Preferred mode is native pixel format and refresh rate
[   964.017] (II) modeset(0): redX: 0.582 redY: 0.359   greenX: 0.354 greenY: 0.567
[   964.017] (II) modeset(0): blueX: 0.162 blueY: 0.129   whiteX: 0.312 whiteY: 0.328
[   964.017] (II) modeset(0): Manufacturer's mask: 0
[   964.017] (II) modeset(0): Supported detailed timing:
[   964.017] (II) modeset(0): clock: 148.5 MHz   Image Size:  344 x 193 mm
[   964.017] (II) modeset(0): h_active: 1920  h_sync: 1968  h_sync_end 2000 h_blank_end 2230 h_border: 0
[   964.017] (II) modeset(0): v_active: 1080  v_sync: 1083  v_sync_end 1089 v_blanking: 1110 v_border: 0
[   964.017] (II) modeset(0):  BOE CQ
[   964.017] (II) modeset(0):  NT156FHM-N61
[   964.017] (II) modeset(0): EDID (in hex):
[   964.017] (II) modeset(0): 	00ffffffffffff0009e5cb0700000000
[   964.017] (II) modeset(0): 	011c010495221378020980955c5a9129
[   964.017] (II) modeset(0): 	21505400000001010101010101010101
[   964.017] (II) modeset(0): 	010101010101033a803671381e403020
[   964.017] (II) modeset(0): 	360058c11000001a0000000000000000
[   964.017] (II) modeset(0): 	00000000000000000000000000fe0042
[   964.017] (II) modeset(0): 	4f452043510a202020202020000000fe
[   964.017] (II) modeset(0): 	004e5431353646484d2d4e36310a0065
[   964.017] (II) modeset(0): Printing probed modes for output eDP-1
[   964.017] (II) modeset(0): Modeline "1920x1080"x60.0  148.51  1920 1968 2000 2230  1080 1083 1089 1110 +hsync -vsync (66.6 kHz eP)
[   964.017] (II) modeset(0): Modeline "1920x1080"x119.9  266.50  1920 1944 1960 2000  1080 1081 1084 1111 doublescan +hsync -vsync (133.2 kHz d)
[   964.017] (II) modeset(0): Modeline "1920x1080"x60.0  173.00  1920 2048 2248 2576  1080 1083 1088 1120 -hsync +vsync (67.2 kHz d)
[   964.017] (II) modeset(0): Modeline "1920x1080"x59.9  138.50  1920 1968 2000 2080  1080 1083 1088 1111 +hsync -vsync (66.6 kHz d)
[   964.017] (II) modeset(0): Modeline "1680x1050"x60.0  146.25  1680 1784 1960 2240  1050 1053 1059 1089 -hsync +vsync (65.3 kHz d)
[   964.017] (II) modeset(0): Modeline "1680x1050"x59.9  119.00  1680 1728 1760 1840  1050 1053 1059 1080 +hsync -vsync (64.7 kHz d)
[   964.017] (II) modeset(0): Modeline "1400x1050"x60.0  122.00  1400 1488 1640 1880  1050 1052 1064 1082 +hsync +vsync (64.9 kHz d)
[   964.017] (II) modeset(0): Modeline "1600x900"x120.0  246.00  1600 1728 1900 2200  900 901 904 932 doublescan -hsync +vsync (111.8 kHz d)
[   964.017] (II) modeset(0): Modeline "1600x900"x119.9  186.50  1600 1624 1640 1680  900 901 904 926 doublescan +hsync -vsync (111.0 kHz d)
[   964.017] (II) modeset(0): Modeline "1600x900"x59.9  118.25  1600 1696 1856 2112  900 903 908 934 -hsync +vsync (56.0 kHz d)
[   964.017] (II) modeset(0): Modeline "1600x900"x59.8   97.50  1600 1648 1680 1760  900 903 908 926 +hsync -vsync (55.4 kHz d)
[   964.017] (II) modeset(0): Modeline "1280x1024"x60.0  108.00  1280 1328 1440 1688  1024 1025 1028 1066 +hsync +vsync (64.0 kHz d)
[   964.017] (II) modeset(0): Modeline "1400x900"x60.0  103.50  1400 1480 1624 1848  900 903 913 934 -hsync +vsync (56.0 kHz d)
[   964.017] (II) modeset(0): Modeline "1400x900"x59.9   86.50  1400 1448 1480 1560  900 903 913 926 +hsync -vsync (55.4 kHz d)
[   964.017] (II) modeset(0): Modeline "1280x960"x60.0  108.00  1280 1376 1488 1800  960 961 964 1000 +hsync +vsync (60.0 kHz d)
[   964.017] (II) modeset(0): Modeline "1440x810"x120.0  198.12  1440 1548 1704 1968  810 811 814 839 doublescan -hsync +vsync (100.7 kHz d)
[   964.017] (II) modeset(0): Modeline "1440x810"x119.9  151.88  1440 1464 1480 1520  810 811 814 833 doublescan +hsync -vsync (99.9 kHz d)
[   964.017] (II) modeset(0): Modeline "1368x768"x59.9   85.25  1368 1440 1576 1784  768 771 781 798 -hsync +vsync (47.8 kHz d)
[   964.017] (II) modeset(0): Modeline "1368x768"x59.9   72.25  1368 1416 1448 1528  768 771 781 790 +hsync -vsync (47.3 kHz d)
[   964.017] (II) modeset(0): Modeline "1280x800"x120.0  174.25  1280 1380 1516 1752  800 801 804 829 doublescan -hsync +vsync (99.5 kHz d)
[   964.017] (II) modeset(0): Modeline "1280x800"x119.9  134.25  1280 1304 1320 1360  800 801 804 823 doublescan +hsync -vsync (98.7 kHz d)
[   964.017] (II) modeset(0): Modeline "1280x800"x59.8   83.50  1280 1352 1480 1680  800 803 809 831 -hsync +vsync (49.7 kHz d)
[   964.017] (II) modeset(0): Modeline "1280x800"x59.9   71.00  1280 1328 1360 1440  800 803 809 823 +hsync -vsync (49.3 kHz d)
[   964.017] (II) modeset(0): Modeline "1280x720"x120.0  156.12  1280 1376 1512 1744  720 721 724 746 doublescan -hsync +vsync (89.5 kHz d)
[   964.017] (II) modeset(0): Modeline "1280x720"x120.0  120.75  1280 1304 1320 1360  720 721 724 740 doublescan +hsync -vsync (88.8 kHz d)
[   964.017] (II) modeset(0): Modeline "1280x720"x59.9   74.50  1280 1344 1472 1664  720 723 728 748 -hsync +vsync (44.8 kHz d)
[   964.017] (II) modeset(0): Modeline "1280x720"x59.7   63.75  1280 1328 1360 1440  720 723 728 741 +hsync -vsync (44.3 kHz d)
[   964.017] (II) modeset(0): Modeline "1024x768"x120.1  133.47  1024 1100 1212 1400  768 768 770 794 doublescan -hsync +vsync (95.3 kHz d)
[   964.017] (II) modeset(0): Modeline "1024x768"x60.0   65.00  1024 1048 1184 1344  768 771 777 806 -hsync -vsync (48.4 kHz d)
[   964.017] (II) modeset(0): Modeline "960x720"x120.0  117.00  960 1024 1128 1300  720 720 722 750 doublescan -hsync +vsync (90.0 kHz d)
[   964.017] (II) modeset(0): Modeline "928x696"x120.1  109.15  928 976 1088 1264  696 696 698 719 doublescan -hsync +vsync (86.4 kHz d)
[   964.017] (II) modeset(0): Modeline "896x672"x120.0  102.40  896 960 1060 1224  672 672 674 697 doublescan -hsync +vsync (83.7 kHz d)
[   964.017] (II) modeset(0): Modeline "1024x576"x119.9   98.50  1024 1092 1200 1376  576 577 580 597 doublescan -hsync +vsync (71.6 kHz d)
[   964.017] (II) modeset(0): Modeline "1024x576"x119.9   78.38  1024 1048 1064 1104  576 577 580 592 doublescan +hsync -vsync (71.0 kHz d)
[   964.017] (II) modeset(0): Modeline "1024x576"x59.9   46.50  1024 1064 1160 1296  576 579 584 599 -hsync +vsync (35.9 kHz d)
[   964.017] (II) modeset(0): Modeline "1024x576"x59.8   42.00  1024 1072 1104 1184  576 579 584 593 +hsync -vsync (35.5 kHz d)
[   964.017] (II) modeset(0): Modeline "960x600"x119.9   96.62  960 1028 1128 1296  600 601 604 622 doublescan -hsync +vsync (74.6 kHz d)
[   964.017] (II) modeset(0): Modeline "960x600"x120.0   77.00  960 984 1000 1040  600 601 604 617 doublescan +hsync -vsync (74.0 kHz d)
[   964.017] (II) modeset(0): Modeline "960x540"x119.9   86.50  960 1024 1124 1288  540 541 544 560 doublescan -hsync +vsync (67.2 kHz d)
[   964.017] (II) modeset(0): Modeline "960x540"x120.0   69.25  960 984 1000 1040  540 541 544 555 doublescan +hsync -vsync (66.6 kHz d)
[   964.017] (II) modeset(0): Modeline "960x540"x59.6   40.75  960 992 1088 1216  540 543 548 562 -hsync +vsync (33.5 kHz d)
[   964.017] (II) modeset(0): Modeline "960x540"x59.8   37.25  960 1008 1040 1120  540 543 548 556 +hsync -vsync (33.3 kHz d)
[   964.017] (II) modeset(0): Modeline "800x600"x120.0   81.00  800 832 928 1080  600 600 602 625 doublescan +hsync +vsync (75.0 kHz d)
[   964.017] (II) modeset(0): Modeline "800x600"x60.3   40.00  800 840 968 1056  600 601 605 628 +hsync +vsync (37.9 kHz d)
[   964.017] (II) modeset(0): Modeline "800x600"x56.2   36.00  800 824 896 1024  600 601 603 625 +hsync +vsync (35.2 kHz d)
[   964.017] (II) modeset(0): Modeline "840x525"x120.0   73.12  840 892 980 1120  525 526 529 544 doublescan -hsync +vsync (65.3 kHz d)
[   964.017] (II) modeset(0): Modeline "840x525"x119.8   59.50  840 864 880 920  525 526 529 540 doublescan +hsync -vsync (64.7 kHz d)
[   964.017] (II) modeset(0): Modeline "864x486"x59.9   32.50  864 888 968 1072  486 489 494 506 -hsync +vsync (30.3 kHz d)
[   964.017] (II) modeset(0): Modeline "864x486"x59.6   30.50  864 912 944 1024  486 489 494 500 +hsync -vsync (29.8 kHz d)
[   964.017] (II) modeset(0): Modeline "700x525"x120.0   61.00  700 744 820 940  525 526 532 541 doublescan +hsync +vsync (64.9 kHz d)
[   964.017] (II) modeset(0): Modeline "800x450"x119.9   59.12  800 848 928 1056  450 451 454 467 doublescan -hsync +vsync (56.0 kHz d)
[   964.017] (II) modeset(0): Modeline "800x450"x119.6   48.75  800 824 840 880  450 451 454 463 doublescan +hsync -vsync (55.4 kHz d)
[   964.017] (II) modeset(0): Modeline "640x512"x120.0   54.00  640 664 720 844  512 512 514 533 doublescan +hsync +vsync (64.0 kHz d)
[   964.017] (II) modeset(0): Modeline "700x450"x119.9   51.75  700 740 812 924  450 451 456 467 doublescan -hsync +vsync (56.0 kHz d)
[   964.017] (II) modeset(0): Modeline "700x450"x119.8   43.25  700 724 740 780  450 451 456 463 doublescan +hsync -vsync (55.4 kHz d)
[   964.017] (II) modeset(0): Modeline "640x480"x120.0   54.00  640 688 744 900  480 480 482 500 doublescan +hsync +vsync (60.0 kHz d)
[   964.017] (II) modeset(0): Modeline "640x480"x59.9   25.18  640 656 752 800  480 490 492 525 -hsync -vsync (31.5 kHz d)
[   964.017] (II) modeset(0): Modeline "720x405"x59.5   22.50  720 744 808 896  405 408 413 422 -hsync +vsync (25.1 kHz d)
[   964.017] (II) modeset(0): Modeline "720x405"x59.0   21.75  720 768 800 880  405 408 413 419 +hsync -vsync (24.7 kHz d)
[   964.017] (II) modeset(0): Modeline "684x384"x119.8   42.62  684 720 788 892  384 385 390 399 doublescan -hsync +vsync (47.8 kHz d)
[   964.017] (II) modeset(0): Modeline "684x384"x119.7   36.12  684 708 724 764  384 385 390 395 doublescan +hsync -vsync (47.3 kHz d)
[   964.017] (II) modeset(0): Modeline "640x400"x119.8   41.75  640 676 740 840  400 401 404 415 doublescan -hsync +vsync (49.7 kHz d)
[   964.017] (II) modeset(0): Modeline "640x400"x120.0   35.50  640 664 680 720  400 401 404 411 doublescan +hsync -vsync (49.3 kHz d)
[   964.017] (II) modeset(0): Modeline "640x360"x119.7   37.25  640 672 736 832  360 361 364 374 doublescan -hsync +vsync (44.8 kHz d)
[   964.017] (II) modeset(0): Modeline "640x360"x119.7   31.88  640 664 680 720  360 361 364 370 doublescan +hsync -vsync (44.3 kHz d)
[   964.017] (II) modeset(0): Modeline "640x360"x59.8   18.00  640 664 720 800  360 363 368 376 -hsync +vsync (22.5 kHz d)
[   964.017] (II) modeset(0): Modeline "640x360"x59.3   17.75  640 688 720 800  360 363 368 374 +hsync -vsync (22.2 kHz d)
[   964.017] (II) modeset(0): Modeline "512x384"x120.0   32.50  512 524 592 672  384 385 388 403 doublescan -hsync -vsync (48.4 kHz d)
[   964.017] (II) modeset(0): Modeline "512x288"x120.0   23.25  512 532 580 648  288 289 292 299 doublescan -hsync +vsync (35.9 kHz d)
[   964.017] (II) modeset(0): Modeline "512x288"x119.8   21.00  512 536 552 592  288 289 292 296 doublescan +hsync -vsync (35.5 kHz d)
[   964.017] (II) modeset(0): Modeline "480x270"x119.3   20.38  480 496 544 608  270 271 274 281 doublescan -hsync +vsync (33.5 kHz d)
[   964.017] (II) modeset(0): Modeline "480x270"x119.6   18.62  480 504 520 560  270 271 274 278 doublescan +hsync -vsync (33.3 kHz d)
[   964.017] (II) modeset(0): Modeline "400x300"x120.6   20.00  400 420 484 528  300 300 302 314 doublescan +hsync +vsync (37.9 kHz d)
[   964.017] (II) modeset(0): Modeline "400x300"x112.7   18.00  400 412 448 512  300 300 301 312 doublescan +hsync +vsync (35.2 kHz d)
[   964.017] (II) modeset(0): Modeline "432x243"x119.8   16.25  432 444 484 536  243 244 247 253 doublescan -hsync +vsync (30.3 kHz d)
[   964.017] (II) modeset(0): Modeline "432x243"x119.1   15.25  432 456 472 512  243 244 247 250 doublescan +hsync -vsync (29.8 kHz d)
[   964.017] (II) modeset(0): Modeline "320x240"x120.1   12.59  320 328 376 400  240 245 246 262 doublescan -hsync -vsync (31.5 kHz d)
[   964.017] (II) modeset(0): Modeline "360x202"x119.0   11.25  360 372 404 448  202 204 206 211 doublescan -hsync +vsync (25.1 kHz d)
[   964.017] (II) modeset(0): Modeline "360x202"x118.3   10.88  360 384 400 440  202 204 206 209 doublescan +hsync -vsync (24.7 kHz d)
[   964.017] (II) modeset(0): Modeline "320x180"x119.7    9.00  320 332 360 400  180 181 184 188 doublescan -hsync +vsync (22.5 kHz d)
[   964.017] (II) modeset(0): Modeline "320x180"x118.6    8.88  320 344 360 400  180 181 184 187 doublescan +hsync -vsync (22.2 kHz d)
[   964.022] (II) modeset(0): EDID for output HDMI-1
[   964.022] (II) modeset(0): EDID for output DP-1
[   964.022] (II) modeset(0): EDID for output DP-2
[   964.022] (II) modeset(0): Output eDP-1 connected
[   964.022] (II) modeset(0): Output HDMI-1 disconnected
[   964.022] (II) modeset(0): Output DP-1 disconnected
[   964.022] (II) modeset(0): Output DP-2 disconnected
[   964.022] (II) modeset(0): Using exact sizes for initial modes
[   964.022] (II) modeset(0): Output eDP-1 using initial mode 1920x1080 +0+0
[   964.022] (==) modeset(0): Using gamma correction (1.0, 1.0, 1.0)
[   964.022] (==) modeset(0): DPI set to (96, 96)
[   964.022] (II) Loading sub module "fb"
[   964.022] (II) LoadModule: "fb"
[   964.022] (II) Module "fb" already built-in
[   964.022] (II) UnloadModule: "vesa"
[   964.022] (II) Unloading vesa
[   964.082] (==) modeset(0): Backing store enabled
[   964.082] (==) modeset(0): Silken mouse enabled
[   964.162] (II) modeset(0): Initializing kms color map for depth 24, 8 bpc.
[   964.163] (==) modeset(0): DPMS enabled
[   964.163] (II) modeset(0): [DRI2] Setup complete
[   964.163] (II) modeset(0): [DRI2]   DRI driver: iris
[   964.163] (II) modeset(0): [DRI2]   VDPAU driver: va_gl
[   964.163] (II) Initializing extension Generic Event Extension
[   964.163] (II) Initializing extension SHAPE
[   964.164] (II) Initializing extension MIT-SHM
[   964.164] (II) Initializing extension XInputExtension
[   964.164] (II) Initializing extension XTEST
[   964.165] (II) Initializing extension BIG-REQUESTS
[   964.165] (II) Initializing extension SYNC
[   964.165] (II) Initializing extension XKEYBOARD
[   964.165] (II) Initializing extension XC-MISC
[   964.166] (II) Initializing extension SECURITY
[   964.166] (II) Initializing extension XFIXES
[   964.166] (II) Initializing extension RENDER
[   964.166] (II) Initializing extension RANDR
[   964.167] (II) Initializing extension COMPOSITE
[   964.167] (II) Initializing extension DAMAGE
[   964.167] (II) Initializing extension MIT-SCREEN-SAVER
[   964.167] (II) Initializing extension DOUBLE-BUFFER
[   964.167] (II) Initializing extension RECORD
[   964.167] (II) Initializing extension DPMS
[   964.167] (II) Initializing extension Present
[   964.167] (II) Initializing extension DRI3
[   964.167] (II) Initializing extension X-Resource
[   964.167] (II) Initializing extension XVideo
[   964.167] (II) Initializing extension XVideo-MotionCompensation
[   964.167] (II) Initializing extension GLX
[   964.171] (II) AIGLX: Loaded and initialized iris
[   964.171] (II) GLX: Initialized DRI2 GL provider for screen 0
[   964.171] (II) Initializing extension XFree86-VidModeExtension
[   964.171] (II) Initializing extension XFree86-DGA
[   964.171] (II) Initializing extension XFree86-DRI
[   964.171] (II) Initializing extension DRI2
[   964.172] (II) modeset(0): Damage tracking initialized
[   964.172] (II) modeset(0): Setting screen physical size to 508 x 285
[   964.211] (II) config/udev: Adding input device Acer Wireless Radio Control (/dev/input/event4)
[   964.211] (**) Acer Wireless Radio Control: Applying InputClass "libinput keyboard catchall"
[   964.211] (**) Acer Wireless Radio Control: Applying InputClass "system-keyboard"
[   964.211] (II) LoadModule: "libinput"
[   964.212] (II) Loading /usr/lib/xorg/modules/input/libinput_drv.so
[   964.213] (II) Module libinput: vendor="X.Org Foundation"
[   964.213] 	compiled for 1.21.1.13, module version = 1.5.0
[   964.213] 	Module class: X.Org XInput Driver
[   964.213] 	ABI class: X.Org XInput driver, version 24.4
[   964.213] (II) Using input driver 'libinput' for 'Acer Wireless Radio Control'
[   964.214] (II) systemd-logind: got fd for /dev/input/event4 13:68 fd 25 paused 0
[   964.214] (**) Acer Wireless Radio Control: always reports core events
[   964.214] (**) Option "Device" "/dev/input/event4"
[   964.218] (II) event4  - Acer Wireless Radio Control: is tagged by udev as: Keyboard
[   964.218] (II) event4  - Acer Wireless Radio Control: device is a keyboard
[   964.218] (II) event4  - Acer Wireless Radio Control: device removed
[   964.218] (**) Option "config_info" "udev:/sys/devices/LNXSYSTM:00/10251229:00/input/input4/event4"
[   964.218] (II) XINPUT: Adding extended input device "Acer Wireless Radio Control" (type: KEYBOARD, id 6)
[   964.218] (**) Option "xkb_layout" "br"
[   964.231] (II) event4  - Acer Wireless Radio Control: is tagged by udev as: Keyboard
[   964.231] (II) event4  - Acer Wireless Radio Control: device is a keyboard
[   964.232] (II) config/udev: Adding input device Video Bus (/dev/input/event3)
[   964.232] (**) Video Bus: Applying InputClass "libinput keyboard catchall"
[   964.232] (**) Video Bus: Applying InputClass "system-keyboard"
[   964.232] (II) Using input driver 'libinput' for 'Video Bus'
[   964.232] (II) systemd-logind: got fd for /dev/input/event3 13:67 fd 28 paused 0
[   964.232] (**) Video Bus: always reports core events
[   964.232] (**) Option "Device" "/dev/input/event3"
[   964.233] (II) event3  - Video Bus: is tagged by udev as: Keyboard
[   964.233] (II) event3  - Video Bus: device is a keyboard
[   964.233] (II) event3  - Video Bus: device removed
[   964.233] (**) Option "config_info" "udev:/sys/devices/LNXSYSTM:00/LNXSYBUS:00/PNP0A08:00/LNXVIDEO:00/input/input3/event3"
[   964.233] (II) XINPUT: Adding extended input device "Video Bus" (type: KEYBOARD, id 7)
[   964.233] (**) Option "xkb_layout" "br"
[   964.233] (II) event3  - Video Bus: is tagged by udev as: Keyboard
[   964.233] (II) event3  - Video Bus: device is a keyboard
[   964.234] (II) config/udev: Adding input device Lid Switch (/dev/input/event0)
[   964.234] (II) No input driver specified, ignoring this device.
[   964.234] (II) This device may have been added with another device file.
[   964.234] (II) config/udev: Adding input device Power Button (/dev/input/event1)
[   964.234] (**) Power Button: Applying InputClass "libinput keyboard catchall"
[   964.234] (**) Power Button: Applying InputClass "system-keyboard"
[   964.234] (II) Using input driver 'libinput' for 'Power Button'
[   964.235] (II) systemd-logind: got fd for /dev/input/event1 13:65 fd 29 paused 0
[   964.235] (**) Power Button: always reports core events
[   964.235] (**) Option "Device" "/dev/input/event1"
[   964.235] (II) event1  - Power Button: is tagged by udev as: Keyboard
[   964.235] (II) event1  - Power Button: device is a keyboard
[   964.235] (II) event1  - Power Button: device removed
[   964.235] (**) Option "config_info" "udev:/sys/devices/LNXSYSTM:00/LNXSYBUS:00/PNP0C0C:00/input/input1/event1"
[   964.235] (II) XINPUT: Adding extended input device "Power Button" (type: KEYBOARD, id 8)
[   964.235] (**) Option "xkb_layout" "br"
[   964.236] (II) event1  - Power Button: is tagged by udev as: Keyboard
[   964.236] (II) event1  - Power Button: device is a keyboard
[   964.236] (II) config/udev: Adding input device ELAN0524:01 04F3:3215 Mouse (/dev/input/event9)
[   964.236] (**) ELAN0524:01 04F3:3215 Mouse: Applying InputClass "libinput pointer catchall"
[   964.236] (II) Using input driver 'libinput' for 'ELAN0524:01 04F3:3215 Mouse'
[   964.237] (II) systemd-logind: got fd for /dev/input/event9 13:73 fd 30 paused 0
[   964.237] (**) ELAN0524:01 04F3:3215 Mouse: always reports core events
[   964.237] (**) Option "Device" "/dev/input/event9"
[   964.238] (II) event9  - ELAN0524:01 04F3:3215 Mouse: is tagged by udev as: Mouse Pointingstick
[   964.238] (II) event9  - ELAN0524:01 04F3:3215 Mouse: device is a pointer
[   964.238] (II) event9  - ELAN0524:01 04F3:3215 Mouse: device removed
[   964.238] (II) libinput: ELAN0524:01 04F3:3215 Mouse: Step value 0 was provided, libinput Fallback acceleration function is used.
[   964.238] (II) libinput: ELAN0524:01 04F3:3215 Mouse: Step value 0 was provided, libinput Fallback acceleration function is used.
[   964.238] (II) libinput: ELAN0524:01 04F3:3215 Mouse: Step value 0 was provided, libinput Fallback acceleration function is used.
[   964.238] (**) Option "config_info" "udev:/sys/devices/pci0000:00/0000:00:15.1/i2c_designware.1/i2c-14/i2c-ELAN0524:01/0018:04F3:3215.0001/input/input12/event9"
[   964.238] (II) XINPUT: Adding extended input device "ELAN0524:01 04F3:3215 Mouse" (type: MOUSE, id 9)
[   964.238] (**) Option "AccelerationScheme" "none"
[   964.238] (**) ELAN0524:01 04F3:3215 Mouse: (accel) selected scheme none/0
[   964.238] (**) ELAN0524:01 04F3:3215 Mouse: (accel) acceleration factor: 2.000
[   964.238] (**) ELAN0524:01 04F3:3215 Mouse: (accel) acceleration threshold: 4
[   964.239] (II) event9  - ELAN0524:01 04F3:3215 Mouse: is tagged by udev as: Mouse Pointingstick
[   964.239] (II) event9  - ELAN0524:01 04F3:3215 Mouse: device is a pointer
[   964.239] (II) config/udev: Adding input device ELAN0524:01 04F3:3215 Mouse (/dev/input/mouse0)
[   964.239] (II) No input driver specified, ignoring this device.
[   964.239] (II) This device may have been added with another device file.
[   964.239] (II) config/udev: Adding input device ELAN0524:01 04F3:3215 Touchpad (/dev/input/event10)
[   964.239] (**) ELAN0524:01 04F3:3215 Touchpad: Applying InputClass "libinput touchpad catchall"
[   964.239] (II) Using input driver 'libinput' for 'ELAN0524:01 04F3:3215 Touchpad'
[   964.240] (II) systemd-logind: got fd for /dev/input/event10 13:74 fd 31 paused 0
[   964.240] (**) ELAN0524:01 04F3:3215 Touchpad: always reports core events
[   964.240] (**) Option "Device" "/dev/input/event10"
[   964.241] (II) event10 - ELAN0524:01 04F3:3215 Touchpad: is tagged by udev as: Touchpad
[   964.242] (II) event10 - ELAN0524:01 04F3:3215 Touchpad: device is a touchpad
[   964.242] (II) event10 - ELAN0524:01 04F3:3215 Touchpad: device removed
[   964.242] (II) libinput: ELAN0524:01 04F3:3215 Touchpad: Step value 0 was provided, libinput Fallback acceleration function is used.
[   964.242] (II) libinput: ELAN0524:01 04F3:3215 Touchpad: Step value 0 was provided, libinput Fallback acceleration function is used.
[   964.242] (II) libinput: ELAN0524:01 04F3:3215 Touchpad: Step value 0 was provided, libinput Fallback acceleration function is used.
[   964.242] (**) Option "config_info" "udev:/sys/devices/pci0000:00/0000:00:15.1/i2c_designware.1/i2c-14/i2c-ELAN0524:01/0018:04F3:3215.0001/input/input14/event10"
[   964.242] (II) XINPUT: Adding extended input device "ELAN0524:01 04F3:3215 Touchpad" (type: TOUCHPAD, id 10)
[   964.243] (**) Option "AccelerationScheme" "none"
[   964.243] (**) ELAN0524:01 04F3:3215 Touchpad: (accel) selected scheme none/0
[   964.243] (**) ELAN0524:01 04F3:3215 Touchpad: (accel) acceleration factor: 2.000
[   964.243] (**) ELAN0524:01 04F3:3215 Touchpad: (accel) acceleration threshold: 4
[   964.244] (II) event10 - ELAN0524:01 04F3:3215 Touchpad: is tagged by udev as: Touchpad
[   964.245] (II) event10 - ELAN0524:01 04F3:3215 Touchpad: device is a touchpad
[   964.245] (II) config/udev: Adding input device ELAN0524:01 04F3:3215 Touchpad (/dev/input/mouse1)
[   964.245] (II) No input driver specified, ignoring this device.
[   964.245] (II) This device may have been added with another device file.
[   964.246] (II) config/udev: Adding input device Intel HID events (/dev/input/event5)
[   964.246] (**) Intel HID events: Applying InputClass "libinput keyboard catchall"
[   964.246] (**) Intel HID events: Applying InputClass "system-keyboard"
[   964.246] (II) Using input driver 'libinput' for 'Intel HID events'
[   964.246] (II) systemd-logind: got fd for /dev/input/event5 13:69 fd 32 paused 0
[   964.246] (**) Intel HID events: always reports core events
[   964.246] (**) Option "Device" "/dev/input/event5"
[   964.247] (II) event5  - Intel HID events: is tagged by udev as: Keyboard
[   964.247] (II) event5  - Intel HID events: device is a keyboard
[   964.247] (II) event5  - Intel HID events: device removed
[   964.247] (**) Option "config_info" "udev:/sys/devices/platform/INTC1070:00/input/input5/event5"
[   964.247] (II) XINPUT: Adding extended input device "Intel HID events" (type: KEYBOARD, id 11)
[   964.247] (**) Option "xkb_layout" "br"
[   964.247] (II) event5  - Intel HID events: is tagged by udev as: Keyboard
[   964.247] (II) event5  - Intel HID events: device is a keyboard
[   964.248] (II) config/udev: Adding input device Intel HID 5 button array (/dev/input/event6)
[   964.248] (**) Intel HID 5 button array: Applying InputClass "libinput keyboard catchall"
[   964.248] (**) Intel HID 5 button array: Applying InputClass "system-keyboard"
[   964.248] (II) Using input driver 'libinput' for 'Intel HID 5 button array'
[   964.248] (II) systemd-logind: got fd for /dev/input/event6 13:70 fd 33 paused 0
[   964.248] (**) Intel HID 5 button array: always reports core events
[   964.248] (**) Option "Device" "/dev/input/event6"
[   964.249] (II) event6  - Intel HID 5 button array: is tagged by udev as: Keyboard
[   964.249] (II) event6  - Intel HID 5 button array: device is a keyboard
[   964.249] (II) event6  - Intel HID 5 button array: device removed
[   964.249] (**) Option "config_info" "udev:/sys/devices/platform/INTC1070:00/input/input6/event6"
[   964.249] (II) XINPUT: Adding extended input device "Intel HID 5 button array" (type: KEYBOARD, id 12)
[   964.249] (**) Option "xkb_layout" "br"
[   964.249] (II) event6  - Intel HID 5 button array: is tagged by udev as: Keyboard
[   964.249] (II) event6  - Intel HID 5 button array: device is a keyboard
[   964.250] (II) config/udev: Adding input device AT Translated Set 2 keyboard (/dev/input/event2)
[   964.250] (**) AT Translated Set 2 keyboard: Applying InputClass "libinput keyboard catchall"
[   964.250] (**) AT Translated Set 2 keyboard: Applying InputClass "system-keyboard"
[   964.250] (II) Using input driver 'libinput' for 'AT Translated Set 2 keyboard'
[   964.250] (II) systemd-logind: got fd for /dev/input/event2 13:66 fd 34 paused 0
[   964.250] (**) AT Translated Set 2 keyboard: always reports core events
[   964.250] (**) Option "Device" "/dev/input/event2"
[   964.251] (II) event2  - AT Translated Set 2 keyboard: is tagged by udev as: Keyboard
[   964.251] (II) event2  - AT Translated Set 2 keyboard: device is a keyboard
[   964.251] (II) event2  - AT Translated Set 2 keyboard: device removed
[   964.251] (**) Option "config_info" "udev:/sys/devices/platform/i8042/serio0/input/input2/event2"
[   964.251] (II) XINPUT: Adding extended input device "AT Translated Set 2 keyboard" (type: KEYBOARD, id 13)
[   964.251] (**) Option "xkb_layout" "br"
[   964.252] (II) event2  - AT Translated Set 2 keyboard: is tagged by udev as: Keyboard
[   964.252] (II) event2  - AT Translated Set 2 keyboard: device is a keyboard
[   964.253] (II) config/udev: Adding input device PC Speaker (/dev/input/event7)
[   964.253] (II) No input driver specified, ignoring this device.
[   964.253] (II) This device may have been added with another device file.
[   964.254] (II) config/udev: Adding input device Acer WMI hotkeys (/dev/input/event8)
[   964.254] (**) Acer WMI hotkeys: Applying InputClass "libinput keyboard catchall"
[   964.254] (**) Acer WMI hotkeys: Applying InputClass "system-keyboard"
[   964.254] (II) Using input driver 'libinput' for 'Acer WMI hotkeys'
[   964.255] (II) systemd-logind: got fd for /dev/input/event8 13:72 fd 35 paused 0
[   964.255] (**) Acer WMI hotkeys: always reports core events
[   964.255] (**) Option "Device" "/dev/input/event8"
[   964.255] (II) event8  - Acer WMI hotkeys: is tagged by udev as: Keyboard
[   964.255] (II) event8  - Acer WMI hotkeys: device is a keyboard
[   964.256] (II) event8  - Acer WMI hotkeys: device removed
[   964.256] (**) Option "config_info" "udev:/sys/devices/virtual/input/input8/event8"
[   964.256] (II) XINPUT: Adding extended input device "Acer WMI hotkeys" (type: KEYBOARD, id 14)
[   964.256] (**) Option "xkb_layout" "br"
[   964.256] (II) event8  - Acer WMI hotkeys: is tagged by udev as: Keyboard
[   964.256] (II) event8  - Acer WMI hotkeys: device is a keyboard
[   965.779] (EE) event10 - ELAN0524:01 04F3:3215 Touchpad: kernel bug: Touch jump detected and discarded.
See https://wayland.freedesktop.org/libinput/doc/1.27.0/touchpad-jumping-cursors.html for details
[   966.214] (EE) event10 - ELAN0524:01 04F3:3215 Touchpad: kernel bug: Touch jump detected and discarded.
See https://wayland.freedesktop.org/libinput/doc/1.27.0/touchpad-jumping-cursors.html for details
[   966.647] (EE) event10 - ELAN0524:01 04F3:3215 Touchpad: kernel bug: Touch jump detected and discarded.
See https://wayland.freedesktop.org/libinput/doc/1.27.0/touchpad-jumping-cursors.html for details
[   966.996] (EE) event10 - ELAN0524:01 04F3:3215 Touchpad: kernel bug: Touch jump detected and discarded.
See https://wayland.freedesktop.org/libinput/doc/1.27.0/touchpad-jumping-cursors.html for details
[   969.338] (**) Option "fd" "25"
[   969.338] (II) event4  - Acer Wireless Radio Control: device removed
[   969.338] (**) Option "fd" "28"
[   969.338] (II) event3  - Video Bus: device removed
[   969.338] (**) Option "fd" "29"
[   969.338] (II) event1  - Power Button: device removed
[   969.338] (**) Option "fd" "30"
[   969.338] (II) event9  - ELAN0524:01 04F3:3215 Mouse: device removed
[   969.338] (**) Option "fd" "31"
[   969.338] (II) event10 - ELAN0524:01 04F3:3215 Touchpad: device removed
[   969.338] (**) Option "fd" "32"
[   969.338] (II) event5  - Intel HID events: device removed
[   969.338] (**) Option "fd" "33"
[   969.338] (II) event6  - Intel HID 5 button array: device removed
[   969.338] (**) Option "fd" "34"
[   969.338] (II) event2  - AT Translated Set 2 keyboard: device removed
[   969.338] (**) Option "fd" "35"
[   969.338] (II) event8  - Acer WMI hotkeys: device removed
[   969.346] (II) UnloadModule: "libinput"
[   969.346] (II) systemd-logind: releasing fd for 13:72
[   969.347] (II) UnloadModule: "libinput"
[   969.347] (II) systemd-logind: releasing fd for 13:66
[   969.348] (II) UnloadModule: "libinput"
[   969.348] (II) systemd-logind: releasing fd for 13:70
[   969.349] (II) UnloadModule: "libinput"
[   969.349] (II) systemd-logind: releasing fd for 13:69
[   969.349] (II) UnloadModule: "libinput"
[   969.350] (II) systemd-logind: releasing fd for 13:74
[   969.350] (II) UnloadModule: "libinput"
[   969.350] (II) systemd-logind: releasing fd for 13:73
[   969.351] (II) UnloadModule: "libinput"
[   969.351] (II) systemd-logind: releasing fd for 13:65
[   969.351] (II) UnloadModule: "libinput"
[   969.351] (II) systemd-logind: releasing fd for 13:67
[   969.352] (II) UnloadModule: "libinput"
[   969.352] (II) systemd-logind: releasing fd for 13:68
[   969.400] (II) Server terminated successfully (0). Closing log file.
