[Error - 1:09:46 PM] Jan 9, 2025, 1:09:46 PM Failed to create linked resource from file:///home/darth06/NetBeansProjects/Aula02/src/aula02/Aula02.java to jdt.ls-java-project
Resource '/jdt.ls-java-project/src/aula02' already exists.
org.eclipse.core.internal.resources.ResourceException(/jdt.ls-java-project/src/aula02)[374]: java.lang.Exception: Resource '/jdt.ls-java-project/src/aula02' already exists.
	at org.eclipse.core.internal.resources.ResourceException.provideStackTrace(ResourceException.java:42)
	at org.eclipse.core.internal.resources.ResourceException.<init>(ResourceException.java:38)
	at org.eclipse.core.internal.resources.Resource.checkDoesNotExist(Resource.java:343)
	at org.eclipse.core.internal.resources.Resource.checkDoesNotExist(Resource.java:330)
	at org.eclipse.core.internal.resources.Folder.assertCreateRequirements(Folder.java:40)
	at org.eclipse.core.internal.resources.Folder.create(Folder.java:101)
	at org.eclipse.core.internal.resources.Folder.create(Folder.java:129)
	at org.eclipse.jdt.ls.core.internal.JDTUtils.createFolders(JDTUtils.java:332)
	at org.eclipse.jdt.ls.core.internal.JDTUtils.getFakeCompilationUnit(JDTUtils.java:313)
	at org.eclipse.jdt.ls.core.internal.JDTUtils.resolveCompilationUnit(JDTUtils.java:201)
	at org.eclipse.jdt.ls.core.internal.JDTUtils.resolveTypeRoot(JDTUtils.java:489)
	at org.eclipse.jdt.ls.core.internal.JDTUtils.resolveTypeRoot(JDTUtils.java:448)
	at org.eclipse.jdt.ls.core.internal.handlers.DocumentSymbolHandler.documentSymbol(DocumentSymbolHandler.java:108)
	at org.eclipse.jdt.ls.core.internal.syntaxserver.SyntaxLanguageServer.lambda$5(SyntaxLanguageServer.java:339)
	at org.eclipse.jdt.ls.core.internal.BaseJDTLanguageServer.lambda$0(BaseJDTLanguageServer.java:87)
	at java.base/java.util.concurrent.CompletableFuture$UniApply.tryFire(Unknown Source)
	at java.base/java.util.concurrent.CompletableFuture$Completion.exec(Unknown Source)
	at java.base/java.util.concurrent.ForkJoinTask.doExec(Unknown Source)
	at java.base/java.util.concurrent.ForkJoinPool$WorkQueue.topLevelExec(Unknown Source)
	at java.base/java.util.concurrent.ForkJoinPool.scan(Unknown Source)
	at java.base/java.util.concurrent.ForkJoinPool.runWorker(Unknown Source)
	at java.base/java.util.concurrent.ForkJoinWorkerThread.run(Unknown Source)

