2025-01-09 13:15:41.939 [info] read schema from vscode: vscode://schemas/settings/user
2025-01-09 13:15:42.080 [info] read schema from vscode: vscode://schemas/settings/resourceLanguage
2025-01-09 13:15:42.087 [info] read schema from vscode: vscode://schemas/launch
2025-01-09 13:15:42.089 [info] read schema from vscode: vscode://schemas/token-styling
2025-01-09 13:15:42.089 [info] read schema from vscode: vscode://schemas/textmate-colors
2025-01-09 13:15:42.089 [info] read schema from vscode: vscode://schemas/workbench-colors
2025-01-09 13:15:42.237 [info] cancelled
2025-01-09 13:15:43.019 [info] schema change detected vscode://schemas/settings/user
2025-01-09 13:15:43.023 [info] read schema from vscode: vscode://schemas/settings/user
2025-01-09 13:15:59.410 [info] schema change detected vscode://schemas/settings/user
2025-01-09 13:15:59.414 [info] read schema from vscode: vscode://schemas/settings/user
2025-01-09 13:16:03.193 [info] schema change detected vscode://schemas/settings/user
2025-01-09 13:16:03.196 [info] read schema from vscode: vscode://schemas/settings/user
2025-01-09 13:16:07.698 [info] schema change detected vscode://schemas/settings/user
2025-01-09 13:16:07.700 [info] read schema from vscode: vscode://schemas/settings/user
2025-01-09 13:16:09.502 [info] schema change detected vscode://schemas/settings/user
2025-01-09 13:16:09.503 [info] read schema from vscode: vscode://schemas/settings/user
2025-01-09 13:16:22.646 [info] schema change detected vscode://schemas/settings/user
2025-01-09 13:16:22.649 [info] read schema from vscode: vscode://schemas/settings/user
2025-01-09 13:16:23.841 [info] schema change detected vscode://schemas/settings/user
