2025-01-09 13:03:23.162 [info] Added views:outline in workbench.view.explorer
2025-01-09 13:03:23.162 [info] Added views:workbench.view.search in workbench.view.search
2025-01-09 13:03:23.162 [info] Added views:workbench.scm in workbench.view.scm
2025-01-09 13:03:23.162 [info] Added views:workbench.panel.markers.view in workbench.panel.markers
2025-01-09 13:03:23.162 [info] Added views:workbench.panel.output in workbench.panel.output
2025-01-09 13:03:23.162 [info] Added views:terminal in terminal
2025-01-09 13:03:23.162 [info] Added views:timeline in workbench.view.explorer
2025-01-09 13:03:23.162 [info] Added views:workbench.explorer.emptyView in workbench.view.explorer
2025-01-09 13:03:23.310 [info] Added views:workbench.debug.variablesView,workbench.debug.watchExpressionsView,workbench.debug.callStackView,workbench.debug.breakPointsView in workbench.view.debug
2025-01-09 13:03:23.525 [info] Added views:~remote.forwardedPorts in ~remote.forwardedPortsContainer
2025-01-09 13:03:23.825 [info] Added views:workbench.panel.repl.view in workbench.panel.repl
2025-01-09 13:03:23.826 [info] Removed views:workbench.debug.breakPointsView,workbench.debug.callStackView,workbench.debug.watchExpressionsView,workbench.debug.variablesView from workbench.view.debug
2025-01-09 13:03:23.827 [info] Added views:workbench.debug.welcome in workbench.view.debug
2025-01-09 13:03:40.911 [info] Added views:workbench.views.extensions.installed,workbench.views.extensions.popular,extensions.recommendedList in workbench.view.extensions
2025-01-09 13:03:40.912 [info] Removed views:workbench.views.extensions.popular from workbench.view.extensions
2025-01-09 13:03:41.039 [info] Added views:workbench.views.extensions.popular in workbench.view.extensions
2025-01-09 13:03:41.480 [info] Removed views:extensions.recommendedList,workbench.views.extensions.popular,workbench.views.extensions.installed from workbench.view.extensions
2025-01-09 13:03:41.486 [info] Added views:workbench.views.extensions.marketplace in workbench.view.extensions
2025-01-09 13:04:46.978 [info] Removed views:workbench.views.extensions.marketplace from workbench.view.extensions
2025-01-09 13:04:46.985 [info] Added views:workbench.views.extensions.installed,workbench.views.extensions.popular,extensions.recommendedList in workbench.view.extensions
2025-01-09 13:04:49.307 [info] Removed views:extensions.recommendedList,workbench.views.extensions.popular,workbench.views.extensions.installed from workbench.view.extensions
2025-01-09 13:04:49.311 [info] Added views:workbench.views.extensions.marketplace in workbench.view.extensions
2025-01-09 13:06:37.453 [info] Added views:pr:github,issues:github in workbench.view.extension.github-pull-requests
