2025-01-09 13:09:09.643 [info] Added views:outline in workbench.view.explorer
2025-01-09 13:09:09.643 [info] Added views:workbench.view.search in workbench.view.search
2025-01-09 13:09:09.643 [info] Added views:workbench.scm in workbench.view.scm
2025-01-09 13:09:09.643 [info] Added views:workbench.panel.markers.view in workbench.panel.markers
2025-01-09 13:09:09.643 [info] Added views:workbench.panel.output in workbench.panel.output
2025-01-09 13:09:09.643 [info] Added views:terminal in terminal
2025-01-09 13:09:09.643 [info] Added views:timeline in workbench.view.explorer
2025-01-09 13:09:09.643 [info] Added views:workbench.explorer.fileView in workbench.view.explorer
2025-01-09 13:09:09.947 [info] Added views:pr:github,issues:github in workbench.view.extension.github-pull-requests
2025-01-09 13:09:10.103 [info] Added views:workbench.debug.variablesView,workbench.debug.watchExpressionsView,workbench.debug.callStackView,workbench.debug.breakPointsView in workbench.view.debug
2025-01-09 13:09:10.151 [info] Added views:~remote.forwardedPorts in ~remote.forwardedPortsContainer
2025-01-09 13:09:10.302 [info] Added views:workbench.panel.repl.view in workbench.panel.repl
2025-01-09 13:09:10.303 [info] Removed views:workbench.debug.breakPointsView,workbench.debug.callStackView,workbench.debug.watchExpressionsView,workbench.debug.variablesView from workbench.view.debug
2025-01-09 13:09:10.303 [info] Added views:workbench.debug.welcome in workbench.view.debug
2025-01-09 13:10:38.692 [info] Added views:workbench.debug.breakPointsView in workbench.view.debug
2025-01-09 13:10:39.690 [info] Removed views:workbench.debug.welcome from workbench.view.debug
2025-01-09 13:10:39.691 [info] Added views:workbench.debug.variablesView,workbench.debug.watchExpressionsView,workbench.debug.callStackView in workbench.view.debug
2025-01-09 13:10:39.982 [info] Removed views:workbench.debug.callStackView,workbench.debug.watchExpressionsView,workbench.debug.variablesView from workbench.view.debug
2025-01-09 13:10:39.983 [info] Added views:workbench.debug.welcome in workbench.view.debug
2025-01-09 13:13:45.571 [info] Removed views:workbench.debug.welcome from workbench.view.debug
2025-01-09 13:13:45.571 [info] Added views:workbench.debug.variablesView,workbench.debug.watchExpressionsView,workbench.debug.callStackView in workbench.view.debug
2025-01-09 13:13:45.841 [info] Removed views:workbench.debug.callStackView,workbench.debug.watchExpressionsView,workbench.debug.variablesView from workbench.view.debug
2025-01-09 13:13:45.842 [info] Added views:workbench.debug.welcome in workbench.view.debug
2025-01-09 13:14:28.159 [info] Removed views:workbench.debug.welcome from workbench.view.debug
2025-01-09 13:14:28.160 [info] Added views:workbench.debug.variablesView,workbench.debug.watchExpressionsView,workbench.debug.callStackView in workbench.view.debug
2025-01-09 13:14:28.425 [info] Removed views:workbench.debug.callStackView,workbench.debug.watchExpressionsView,workbench.debug.variablesView from workbench.view.debug
2025-01-09 13:14:28.426 [info] Added views:workbench.debug.welcome in workbench.view.debug
